<?xml version="1.0" encoding="UTF-8"?>
<testng-results skipped="0" failed="0" ignored="0" total="2" passed="2">
  <reporter-output>
  </reporter-output>
  <suite name="ttn" duration-ms="9703" started-at="2018-10-03T09:21:08Z" finished-at="2018-10-03T09:21:18Z">
    <groups>
    </groups>
    <test name="ttn" duration-ms="9703" started-at="2018-10-03T09:21:08Z" finished-at="2018-10-03T09:21:18Z">
      <class name="ttn.TtnTest">
        <test-method status="PASS" signature="openbrowser()[pri:0, instance:ttn.TtnTest@3d8c7aca]" name="openbrowser" duration-ms="4410" started-at="2018-10-03T09:21:08Z" finished-at="2018-10-03T09:21:13Z">
          <reporter-output>
          </reporter-output>
        </test-method> <!-- openbrowser -->
        <test-method status="PASS" signature="gotourl()[pri:1, instance:ttn.TtnTest@3d8c7aca]" name="gotourl" duration-ms="5261" started-at="2018-10-03T09:21:13Z" finished-at="2018-10-03T09:21:18Z">
          <reporter-output>
          </reporter-output>
        </test-method> <!-- gotourl -->
      </class> <!-- ttn.TtnTest -->
    </test> <!-- ttn -->
  </suite> <!-- ttn -->
</testng-results>
