<?xml version="1.0" encoding="UTF-8"?>
<!-- Generated by org.testng.reporters.JUnitXMLReporter -->
<testsuite hostname="H2LTP0205" ignored="0" name="HIX" tests="6" failures="0" timestamp="07 Sep 2018 07:14:49 GMT" time="38.861" errors="0">
  <testcase name="navigate_url" time="15.883" classname="com.basic.prac.SignTest"/>
  <testcase name="setup" time="0.007" classname="com.basic.prac.CreateProfileTest"/>
  <testcase name="signin" time="1.438" classname="com.basic.prac.SignTest"/>
  <testcase name="click_create_customer" time="1.081" classname="com.basic.prac.CreateProfileTest"/>
  <testcase name="fill_create_profilepage" time="2.833" classname="com.basic.prac.CreateProfileTest"/>
  <testcase name="usps_fill" time="0.935" classname="com.basic.prac.CreateProfileTest"/>
</testsuite> <!-- HIX -->
