<?xml version="1.0" encoding="UTF-8"?>
<testng-results skipped="0" failed="0" ignored="0" total="2" passed="2">
  <reporter-output>
  </reporter-output>
  <suite name="ttn" duration-ms="9334" started-at="2018-09-28T06:58:49Z" finished-at="2018-09-28T06:58:59Z">
    <groups>
    </groups>
    <test name="ttn" duration-ms="9334" started-at="2018-09-28T06:58:49Z" finished-at="2018-09-28T06:58:59Z">
      <class name="ttn.TtnTest">
        <test-method status="PASS" signature="openbrowser()[pri:0, instance:ttn.TtnTest@77caeb3e]" name="openbrowser" duration-ms="4543" started-at="2018-09-28T06:58:49Z" finished-at="2018-09-28T06:58:54Z">
          <reporter-output>
          </reporter-output>
        </test-method> <!-- openbrowser -->
        <test-method status="PASS" signature="gotourl()[pri:1, instance:ttn.TtnTest@77caeb3e]" name="gotourl" duration-ms="4739" started-at="2018-09-28T06:58:54Z" finished-at="2018-09-28T06:58:58Z">
          <reporter-output>
          </reporter-output>
        </test-method> <!-- gotourl -->
      </class> <!-- ttn.TtnTest -->
    </test> <!-- ttn -->
  </suite> <!-- ttn -->
</testng-results>
